[www.ypfblogistica.com.bo/th/vistas/login.html]
[backblue.gif]
[fade.gif]
[index.html]
[www.ypfblogistica.com.bo/th/public/css/bootstrap.min.css]
[www.ypfblogistica.com.bo/th/public/css/font-awesome.css]
[www.ypfblogistica.com.bo/th/public/css/AdminLTE.min.css]
[www.ypfblogistica.com.bo/th/public/css/blue.css]
[www.ypfblogistica.com.bo/th/public/js/jquery-3.1.1.min.js]
[www.ypfblogistica.com.bo/th/public/js/bootstrap.min.js]
[www.ypfblogistica.com.bo/th/public/js/bootbox.min.js]
[www.ypfblogistica.com.bo/th/vistas/scripts/login.js]
[www.ypfblogistica.com.bo/th/vistas/login.html]
[www.ypfblogistica.com.bo/th/public/css/bootstrap.min.css]
[www.ypfblogistica.com.bo/th/public/css/font-awesome.css]
[www.ypfblogistica.com.bo/th/public/css/AdminLTE.min.css]
[www.ypfblogistica.com.bo/th/public/css/blue.css]
[www.ypfblogistica.com.bo/th/public/img/boxed-bg.html]
[www.ypfblogistica.com.bo/th/public/css/blue.html]
[www.ypfblogistica.com.bo/th/public/css/blue@2x.html]
